<?xml version="1.0" encoding="UTF-8"?>
<!-- Generated by org.testng.reporters.JUnitXMLReporter -->
<testsuite ignored="0" hostname="DESKTOP-0TEPTJ6" failures="1" tests="5" name="POS TEST" time="220.106" errors="0" timestamp="2024-08-26T16:33:53 IST">
  <testcase classname="com.idzlink.testCases.POS.TC_PointofSales_T001" name="posnewmode" time="35.955"/>
  <testcase classname="com.idzlink.testCases.POS.TC_PointofSalesEdit" name="poseditmode" time="46.737"/>
  <testcase classname="com.idzlink.testCases.POS.TC_PointofSalesDelete" name="posdeletemode" time="38.403"/>
  <testcase classname="com.idzlink.testCases.POS.TC_PointofSalesKeybordShotcutCash" name="poskeyboardshotcutcash" time="35.806"/>
  <testcase classname="com.idzlink.testCases.POS.TC_pointofSales_AmountCalculation_sum" name="itemsumverification" time="28.023">
    <failure type="java.lang.AssertionError" message="expected [true] but found [false]">
      <![CDATA[java.lang.AssertionError: expected [true] but found [false]
at com.idzlink.testCases.POS.TC_pointofSales_AmountCalculation_sum.itemsumverification(TC_pointofSales_AmountCalculation_sum.java:52)
at java.base/java.util.ArrayList.forEach(ArrayList.java:1597)
... Removed 29 stack frames]]>
    </failure>
  </testcase> <!-- itemsumverification -->
</testsuite> <!-- POS TEST -->
