<?xml version="1.0" encoding="UTF-8"?>
<!-- Generated by org.testng.reporters.JUnitXMLReporter -->
<testsuite ignored="0" hostname="DESKTOP-0TEPTJ6" failures="0" tests="4" name="POS TEST" time="189.824" errors="0" timestamp="2024-08-13T12:13:25 IST">
  <testcase classname="com.idzlink.testCases.POS.TC_PointofSales_T001" name="posnewmode" time="36.54"/>
  <testcase classname="com.idzlink.testCases.POS.TC_PointofSalesEdit" name="poseditmode" time="48.176"/>
  <testcase classname="com.idzlink.testCases.POS.TC_PointofSalesDelete" name="posdeletemode" time="39.658"/>
  <testcase classname="com.idzlink.testCases.POS.TC_PointofSalesKeybordShotcutCash" name="poskeyboardshotcutcash" time="35.808"/>
</testsuite> <!-- POS TEST -->
