<?xml version="1.0" encoding="UTF-8"?>
<testng-results ignored="0" total="2" passed="2" failed="0" skipped="0">
  <reporter-output>
  </reporter-output>
  <suite started-at="2024-08-12T11:04:42 IST" name="IDZlink Test Suit" finished-at="2024-08-12T11:06:10 IST" duration-ms="87966">
    <groups>
    </groups>
    <test started-at="2024-08-12T11:04:42 IST" name="IDZlink Test" finished-at="2024-08-12T11:06:10 IST" duration-ms="87966">
      <class name="com.idzlink.testCases.POS.TC_PointofSales_T001">
        <test-method is-config="true" signature="setup()[pri:0, instance:com.idzlink.testCases.POS.TC_PointofSales_T001@1cbb87f3]" started-at="2024-08-12T11:04:42 IST" name="setup" finished-at="2024-08-12T11:04:55 IST" duration-ms="13123" status="PASS">
          <reporter-output>
          </reporter-output>
        </test-method> <!-- setup -->
        <test-method signature="possaveitem()[pri:0, instance:com.idzlink.testCases.POS.TC_PointofSales_T001@1cbb87f3]" started-at="2024-08-12T11:04:55 IST" name="possaveitem" finished-at="2024-08-12T11:05:26 IST" duration-ms="31289" status="PASS">
          <reporter-output>
          </reporter-output>
        </test-method> <!-- possaveitem -->
        <test-method is-config="true" signature="tearDown()[pri:0, instance:com.idzlink.testCases.POS.TC_PointofSales_T001@1cbb87f3]" started-at="2024-08-12T11:05:26 IST" name="tearDown" finished-at="2024-08-12T11:05:27 IST" duration-ms="281" status="PASS">
          <reporter-output>
          </reporter-output>
        </test-method> <!-- tearDown -->
      </class> <!-- com.idzlink.testCases.POS.TC_PointofSales_T001 -->
      <class name="com.idzlink.testCases.POS.TC_PointofSalesEdit">
        <test-method is-config="true" signature="setup()[pri:0, instance:com.idzlink.testCases.POS.TC_PointofSalesEdit@15bbf42f]" started-at="2024-08-12T11:05:27 IST" name="setup" finished-at="2024-08-12T11:05:34 IST" duration-ms="7129" status="PASS">
          <reporter-output>
          </reporter-output>
        </test-method> <!-- setup -->
        <test-method signature="poseditmode()[pri:0, instance:com.idzlink.testCases.POS.TC_PointofSalesEdit@15bbf42f]" started-at="2024-08-12T11:05:34 IST" name="poseditmode" finished-at="2024-08-12T11:06:09 IST" duration-ms="35552" status="PASS">
          <reporter-output>
          </reporter-output>
        </test-method> <!-- poseditmode -->
        <test-method is-config="true" signature="tearDown()[pri:0, instance:com.idzlink.testCases.POS.TC_PointofSalesEdit@15bbf42f]" started-at="2024-08-12T11:06:09 IST" name="tearDown" finished-at="2024-08-12T11:06:10 IST" duration-ms="296" status="PASS">
          <reporter-output>
          </reporter-output>
        </test-method> <!-- tearDown -->
      </class> <!-- com.idzlink.testCases.POS.TC_PointofSalesEdit -->
    </test> <!-- IDZlink Test -->
  </suite> <!-- IDZlink Test Suit -->
</testng-results>
