<?xml version="1.0" encoding="UTF-8"?>
<testng-results ignored="0" total="1" passed="1" failed="0" skipped="0">
  <reporter-output>
  </reporter-output>
  <suite started-at="2024-08-14T11:13:28 IST" name="Default suite" finished-at="2024-08-14T11:13:55 IST" duration-ms="27006">
    <groups>
    </groups>
    <test started-at="2024-08-14T11:13:28 IST" name="Default test" finished-at="2024-08-14T11:13:55 IST" duration-ms="27006">
      <class name="com.idzlink.testCases.TC_CustomerNew_T003">
        <test-method is-config="true" signature="setup()[pri:0, instance:com.idzlink.testCases.TC_CustomerNew_T003@433defed]" started-at="2024-08-14T11:13:28 IST" name="setup" finished-at="2024-08-14T11:13:35 IST" duration-ms="6946" status="PASS">
          <reporter-output>
          </reporter-output>
        </test-method> <!-- setup -->
        <test-method signature="addnewcustomer()[pri:0, instance:com.idzlink.testCases.TC_CustomerNew_T003@433defed]" started-at="2024-08-14T11:13:35 IST" name="addnewcustomer" finished-at="2024-08-14T11:13:54 IST" duration-ms="19699" status="PASS">
          <reporter-output>
          </reporter-output>
        </test-method> <!-- addnewcustomer -->
        <test-method is-config="true" signature="tearDown()[pri:0, instance:com.idzlink.testCases.TC_CustomerNew_T003@433defed]" started-at="2024-08-14T11:13:54 IST" name="tearDown" finished-at="2024-08-14T11:13:55 IST" duration-ms="316" status="PASS">
          <reporter-output>
          </reporter-output>
        </test-method> <!-- tearDown -->
      </class> <!-- com.idzlink.testCases.TC_CustomerNew_T003 -->
    </test> <!-- Default test -->
  </suite> <!-- Default suite -->
</testng-results>
