<?xml version="1.0" encoding="UTF-8"?>
<testng-results ignored="0" total="1" passed="1" failed="0" skipped="0">
  <reporter-output>
  </reporter-output>
  <suite started-at="2024-10-15T14:56:09 IST" name="Default suite" finished-at="2024-10-15T14:57:16 IST" duration-ms="66493">
    <groups>
    </groups>
    <test started-at="2024-10-15T14:56:09 IST" name="Default test" finished-at="2024-10-15T14:57:16 IST" duration-ms="66493">
      <class name="com.idzlink.testCases.POS.TC_pointofsalediscount">
        <test-method is-config="true" signature="setup()[pri:0, instance:com.idzlink.testCases.POS.TC_pointofsalediscount@2a693f59]" started-at="2024-10-15T14:56:09 IST" name="setup" finished-at="2024-10-15T14:56:18 IST" duration-ms="9052" status="PASS">
          <reporter-output>
          </reporter-output>
        </test-method> <!-- setup -->
        <test-method signature="pointofsalediscount()[pri:0, instance:com.idzlink.testCases.POS.TC_pointofsalediscount@2a693f59]" started-at="2024-10-15T14:56:18 IST" name="pointofsalediscount" finished-at="2024-10-15T14:57:16 IST" duration-ms="57151" status="PASS">
          <reporter-output>
          </reporter-output>
        </test-method> <!-- pointofsalediscount -->
        <test-method is-config="true" signature="tearDown()[pri:0, instance:com.idzlink.testCases.POS.TC_pointofsalediscount@2a693f59]" started-at="2024-10-15T14:57:16 IST" name="tearDown" finished-at="2024-10-15T14:57:16 IST" duration-ms="247" status="PASS">
          <reporter-output>
          </reporter-output>
        </test-method> <!-- tearDown -->
      </class> <!-- com.idzlink.testCases.POS.TC_pointofsalediscount -->
    </test> <!-- Default test -->
  </suite> <!-- Default suite -->
</testng-results>
