<?xml version="1.0" encoding="UTF-8"?>
<testng-results ignored="0" total="1" passed="1" failed="0" skipped="0">
  <reporter-output>
  </reporter-output>
  <suite started-at="2024-09-10T13:43:48 IST" name="Default suite" finished-at="2024-09-10T13:45:23 IST" duration-ms="95416">
    <groups>
    </groups>
    <test started-at="2024-09-10T13:43:48 IST" name="Default test" finished-at="2024-09-10T13:45:23 IST" duration-ms="95416">
      <class name="com.idzlink.testCases.POS.TC_Cash_Customer_Selection_Details_Verification_POS">
        <test-method is-config="true" signature="setup()[pri:0, instance:com.idzlink.testCases.POS.TC_Cash_Customer_Selection_Details_Verification_POS@2a693f59]" started-at="2024-09-10T13:43:48 IST" name="setup" finished-at="2024-09-10T13:44:05 IST" duration-ms="16825" status="PASS">
          <reporter-output>
          </reporter-output>
        </test-method> <!-- setup -->
        <test-method signature="Cash_Customer_Selection_Details_Verification()[pri:0, instance:com.idzlink.testCases.POS.TC_Cash_Customer_Selection_Details_Verification_POS@2a693f59]" started-at="2024-09-10T13:44:05 IST" name="Cash_Customer_Selection_Details_Verification" finished-at="2024-09-10T13:45:23 IST" duration-ms="77881" status="PASS">
          <reporter-output>
          </reporter-output>
        </test-method> <!-- Cash_Customer_Selection_Details_Verification -->
        <test-method is-config="true" signature="tearDown()[pri:0, instance:com.idzlink.testCases.POS.TC_Cash_Customer_Selection_Details_Verification_POS@2a693f59]" started-at="2024-09-10T13:45:23 IST" name="tearDown" finished-at="2024-09-10T13:45:23 IST" duration-ms="569" status="PASS">
          <reporter-output>
          </reporter-output>
        </test-method> <!-- tearDown -->
      </class> <!-- com.idzlink.testCases.POS.TC_Cash_Customer_Selection_Details_Verification_POS -->
    </test> <!-- Default test -->
  </suite> <!-- Default suite -->
</testng-results>
