<?xml version="1.0" encoding="UTF-8"?>
<testng-results ignored="0" total="3" passed="3" failed="0" skipped="0">
  <reporter-output>
  </reporter-output>
  <suite started-at="2024-10-11T14:33:51 IST" name="Failed suite [Suite]" finished-at="2024-10-11T14:36:55 IST" duration-ms="183723">
    <groups>
    </groups>
    <test started-at="2024-10-11T14:33:51 IST" name="IDZlink Test(failed)" finished-at="2024-10-11T14:36:55 IST" duration-ms="183723">
      <class name="com.idzlink.testCases.salesquatation.TC_salesquatationConfirmSave">
        <test-method is-config="true" signature="setup()[pri:0, instance:com.idzlink.testCases.salesquatation.TC_salesquatationConfirmSave@3bd82cf5]" started-at="2024-10-11T14:34:35 IST" name="setup" finished-at="2024-10-11T14:34:42 IST" duration-ms="6344" status="PASS">
          <reporter-output>
          </reporter-output>
        </test-method> <!-- setup -->
        <test-method signature="salesquatationConfirmSave()[pri:0, instance:com.idzlink.testCases.salesquatation.TC_salesquatationConfirmSave@3bd82cf5]" started-at="2024-10-11T14:34:42 IST" name="salesquatationConfirmSave" finished-at="2024-10-11T14:35:16 IST" duration-ms="34857" status="PASS">
          <reporter-output>
          </reporter-output>
        </test-method> <!-- salesquatationConfirmSave -->
        <test-method is-config="true" signature="tearDown()[pri:0, instance:com.idzlink.testCases.salesquatation.TC_salesquatationConfirmSave@3bd82cf5]" started-at="2024-10-11T14:35:16 IST" name="tearDown" finished-at="2024-10-11T14:35:17 IST" duration-ms="323" status="PASS">
          <reporter-output>
          </reporter-output>
        </test-method> <!-- tearDown -->
      </class> <!-- com.idzlink.testCases.salesquatation.TC_salesquatationConfirmSave -->
      <class name="com.idzlink.testCases.salesquatation.TC_serachentersalesquotation">
        <test-method is-config="true" signature="setup()[pri:0, instance:com.idzlink.testCases.salesquatation.TC_serachentersalesquotation@61322f9d]" started-at="2024-10-11T14:33:52 IST" name="setup" finished-at="2024-10-11T14:33:55 IST" duration-ms="3268" status="PASS">
          <reporter-output>
          </reporter-output>
        </test-method> <!-- setup -->
        <test-method signature="serachentersalesquotation()[pri:0, instance:com.idzlink.testCases.salesquatation.TC_serachentersalesquotation@61322f9d]" started-at="2024-10-11T14:33:55 IST" name="serachentersalesquotation" finished-at="2024-10-11T14:34:35 IST" duration-ms="39625" status="PASS">
          <reporter-output>
          </reporter-output>
        </test-method> <!-- serachentersalesquotation -->
        <test-method is-config="true" signature="tearDown()[pri:0, instance:com.idzlink.testCases.salesquatation.TC_serachentersalesquotation@61322f9d]" started-at="2024-10-11T14:34:35 IST" name="tearDown" finished-at="2024-10-11T14:34:35 IST" duration-ms="624" status="PASS">
          <reporter-output>
          </reporter-output>
        </test-method> <!-- tearDown -->
      </class> <!-- com.idzlink.testCases.salesquatation.TC_serachentersalesquotation -->
      <class name="com.idzlink.testCases.salesquatation.TC_covertionofsalesquatationtopos">
        <test-method is-config="true" signature="setup()[pri:0, instance:com.idzlink.testCases.salesquatation.TC_covertionofsalesquatationtopos@544fa968]" started-at="2024-10-11T14:35:17 IST" name="setup" finished-at="2024-10-11T14:35:19 IST" duration-ms="1905" status="PASS">
          <reporter-output>
          </reporter-output>
        </test-method> <!-- setup -->
        <test-method signature="covertionofsalesquatationtopos()[pri:0, instance:com.idzlink.testCases.salesquatation.TC_covertionofsalesquatationtopos@544fa968]" started-at="2024-10-11T14:35:19 IST" name="covertionofsalesquatationtopos" finished-at="2024-10-11T14:36:55 IST" duration-ms="96204" status="PASS">
          <reporter-output>
          </reporter-output>
        </test-method> <!-- covertionofsalesquatationtopos -->
        <test-method is-config="true" signature="tearDown()[pri:0, instance:com.idzlink.testCases.salesquatation.TC_covertionofsalesquatationtopos@544fa968]" started-at="2024-10-11T14:36:55 IST" name="tearDown" finished-at="2024-10-11T14:36:55 IST" duration-ms="251" status="PASS">
          <reporter-output>
          </reporter-output>
        </test-method> <!-- tearDown -->
      </class> <!-- com.idzlink.testCases.salesquatation.TC_covertionofsalesquatationtopos -->
    </test> <!-- IDZlink Test(failed) -->
  </suite> <!-- Failed suite [Suite] -->
</testng-results>
