<?xml version="1.0" encoding="UTF-8"?>
<testng-results ignored="0" total="1" passed="1" failed="0" skipped="0">
  <reporter-output>
  </reporter-output>
  <suite started-at="2024-11-02T14:11:50 IST" name="Default suite" finished-at="2024-11-02T14:12:40 IST" duration-ms="49260">
    <groups>
    </groups>
    <test started-at="2024-11-02T14:11:50 IST" name="Default test" finished-at="2024-11-02T14:12:40 IST" duration-ms="49260">
      <class name="com.idzlink.testCases.POS.TC_PointofSales_T001">
        <test-method is-config="true" signature="setup()[pri:0, instance:com.idzlink.testCases.POS.TC_PointofSales_T001@367ffa75]" started-at="2024-11-02T14:11:50 IST" name="setup" finished-at="2024-11-02T14:11:53 IST" duration-ms="2551" status="PASS">
          <reporter-output>
          </reporter-output>
        </test-method> <!-- setup -->
        <test-method signature="posnewmode()[pri:0, instance:com.idzlink.testCases.POS.TC_PointofSales_T001@367ffa75]" started-at="2024-11-02T14:11:53 IST" name="posnewmode" finished-at="2024-11-02T14:12:39 IST" duration-ms="46219" status="PASS">
          <reporter-output>
          </reporter-output>
        </test-method> <!-- posnewmode -->
        <test-method is-config="true" signature="tearDown()[pri:0, instance:com.idzlink.testCases.POS.TC_PointofSales_T001@367ffa75]" started-at="2024-11-02T14:12:39 IST" name="tearDown" finished-at="2024-11-02T14:12:40 IST" duration-ms="419" status="PASS">
          <reporter-output>
          </reporter-output>
        </test-method> <!-- tearDown -->
      </class> <!-- com.idzlink.testCases.POS.TC_PointofSales_T001 -->
    </test> <!-- Default test -->
  </suite> <!-- Default suite -->
</testng-results>
