<?xml version="1.0" encoding="UTF-8"?>
<testng-results ignored="0" total="1" passed="1" failed="0" skipped="0">
  <reporter-output>
  </reporter-output>
  <suite started-at="2024-08-28T15:19:22 IST" name="Default suite" finished-at="2024-08-28T15:20:14 IST" duration-ms="52551">
    <groups>
    </groups>
    <test started-at="2024-08-28T15:19:22 IST" name="Default test" finished-at="2024-08-28T15:20:14 IST" duration-ms="52551">
      <class name="com.idzlink.testCases.POS.TC_PointofSales_T001">
        <test-method is-config="true" signature="setup()[pri:0, instance:com.idzlink.testCases.POS.TC_PointofSales_T001@2a693f59]" started-at="2024-08-28T15:19:22 IST" name="setup" finished-at="2024-08-28T15:19:30 IST" duration-ms="8238" status="PASS">
          <reporter-output>
          </reporter-output>
        </test-method> <!-- setup -->
        <test-method signature="posnewmode()[pri:0, instance:com.idzlink.testCases.POS.TC_PointofSales_T001@2a693f59]" started-at="2024-08-28T15:19:30 IST" name="posnewmode" finished-at="2024-08-28T15:20:14 IST" duration-ms="43973" status="PASS">
          <reporter-output>
          </reporter-output>
        </test-method> <!-- posnewmode -->
        <test-method is-config="true" signature="tearDown()[pri:0, instance:com.idzlink.testCases.POS.TC_PointofSales_T001@2a693f59]" started-at="2024-08-28T15:20:14 IST" name="tearDown" finished-at="2024-08-28T15:20:14 IST" duration-ms="302" status="PASS">
          <reporter-output>
          </reporter-output>
        </test-method> <!-- tearDown -->
      </class> <!-- com.idzlink.testCases.POS.TC_PointofSales_T001 -->
    </test> <!-- Default test -->
  </suite> <!-- Default suite -->
</testng-results>
