<?xml version="1.0" encoding="UTF-8"?>
<testng-results ignored="0" total="4" passed="4" failed="0" skipped="0">
  <reporter-output>
  </reporter-output>
  <suite started-at="2024-08-13T12:10:14 IST" name="POS TEST CASES" finished-at="2024-08-13T12:13:24 IST" duration-ms="189824">
    <groups>
    </groups>
    <test started-at="2024-08-13T12:10:14 IST" name="POS TEST" finished-at="2024-08-13T12:13:24 IST" duration-ms="189824">
      <class name="com.idzlink.testCases.POS.TC_PointofSales_T001">
        <test-method is-config="true" signature="setup()[pri:0, instance:com.idzlink.testCases.POS.TC_PointofSales_T001@70cf32e3]" started-at="2024-08-13T12:10:15 IST" name="setup" finished-at="2024-08-13T12:10:22 IST" duration-ms="7254" status="PASS">
          <reporter-output>
          </reporter-output>
        </test-method> <!-- setup -->
        <test-method signature="posnewmode()[pri:0, instance:com.idzlink.testCases.POS.TC_PointofSales_T001@70cf32e3]" started-at="2024-08-13T12:10:22 IST" name="posnewmode" finished-at="2024-08-13T12:10:58 IST" duration-ms="36540" status="PASS">
          <reporter-output>
          </reporter-output>
        </test-method> <!-- posnewmode -->
        <test-method is-config="true" signature="tearDown()[pri:0, instance:com.idzlink.testCases.POS.TC_PointofSales_T001@70cf32e3]" started-at="2024-08-13T12:10:59 IST" name="tearDown" finished-at="2024-08-13T12:10:59 IST" duration-ms="253" status="PASS">
          <reporter-output>
          </reporter-output>
        </test-method> <!-- tearDown -->
      </class> <!-- com.idzlink.testCases.POS.TC_PointofSales_T001 -->
      <class name="com.idzlink.testCases.POS.TC_PointofSalesKeybordShotcutCash">
        <test-method is-config="true" signature="setup()[pri:0, instance:com.idzlink.testCases.POS.TC_PointofSalesKeybordShotcutCash@7d900ecf]" started-at="2024-08-13T12:12:41 IST" name="setup" finished-at="2024-08-13T12:12:48 IST" duration-ms="7682" status="PASS">
          <reporter-output>
          </reporter-output>
        </test-method> <!-- setup -->
        <test-method signature="poskeyboardshotcutcash()[pri:0, instance:com.idzlink.testCases.POS.TC_PointofSalesKeybordShotcutCash@7d900ecf]" started-at="2024-08-13T12:12:48 IST" name="poskeyboardshotcutcash" finished-at="2024-08-13T12:13:24 IST" duration-ms="35808" status="PASS">
          <reporter-output>
          </reporter-output>
        </test-method> <!-- poskeyboardshotcutcash -->
        <test-method is-config="true" signature="tearDown()[pri:0, instance:com.idzlink.testCases.POS.TC_PointofSalesKeybordShotcutCash@7d900ecf]" started-at="2024-08-13T12:13:24 IST" name="tearDown" finished-at="2024-08-13T12:13:24 IST" duration-ms="252" status="PASS">
          <reporter-output>
          </reporter-output>
        </test-method> <!-- tearDown -->
      </class> <!-- com.idzlink.testCases.POS.TC_PointofSalesKeybordShotcutCash -->
      <class name="com.idzlink.testCases.POS.TC_PointofSalesEdit">
        <test-method is-config="true" signature="setup()[pri:0, instance:com.idzlink.testCases.POS.TC_PointofSalesEdit@6f53b8a]" started-at="2024-08-13T12:10:59 IST" name="setup" finished-at="2024-08-13T12:11:05 IST" duration-ms="6168" status="PASS">
          <reporter-output>
          </reporter-output>
        </test-method> <!-- setup -->
        <test-method signature="poseditmode()[pri:0, instance:com.idzlink.testCases.POS.TC_PointofSalesEdit@6f53b8a]" started-at="2024-08-13T12:11:05 IST" name="poseditmode" finished-at="2024-08-13T12:11:53 IST" duration-ms="48176" status="PASS">
          <reporter-output>
          </reporter-output>
        </test-method> <!-- poseditmode -->
        <test-method is-config="true" signature="tearDown()[pri:0, instance:com.idzlink.testCases.POS.TC_PointofSalesEdit@6f53b8a]" started-at="2024-08-13T12:11:53 IST" name="tearDown" finished-at="2024-08-13T12:11:53 IST" duration-ms="249" status="PASS">
          <reporter-output>
          </reporter-output>
        </test-method> <!-- tearDown -->
      </class> <!-- com.idzlink.testCases.POS.TC_PointofSalesEdit -->
      <class name="com.idzlink.testCases.POS.TC_PointofSalesDelete">
        <test-method is-config="true" signature="setup()[pri:0, instance:com.idzlink.testCases.POS.TC_PointofSalesDelete@5c80cf32]" started-at="2024-08-13T12:11:53 IST" name="setup" finished-at="2024-08-13T12:12:01 IST" duration-ms="7251" status="PASS">
          <reporter-output>
          </reporter-output>
        </test-method> <!-- setup -->
        <test-method signature="posdeletemode()[pri:0, instance:com.idzlink.testCases.POS.TC_PointofSalesDelete@5c80cf32]" started-at="2024-08-13T12:12:01 IST" name="posdeletemode" finished-at="2024-08-13T12:12:40 IST" duration-ms="39658" status="PASS">
          <reporter-output>
          </reporter-output>
        </test-method> <!-- posdeletemode -->
        <test-method is-config="true" signature="tearDown()[pri:0, instance:com.idzlink.testCases.POS.TC_PointofSalesDelete@5c80cf32]" started-at="2024-08-13T12:12:40 IST" name="tearDown" finished-at="2024-08-13T12:12:41 IST" duration-ms="249" status="PASS">
          <reporter-output>
          </reporter-output>
        </test-method> <!-- tearDown -->
      </class> <!-- com.idzlink.testCases.POS.TC_PointofSalesDelete -->
    </test> <!-- POS TEST -->
  </suite> <!-- POS TEST CASES -->
</testng-results>
