<?xml version="1.0" encoding="UTF-8"?>
<testng-results ignored="0" total="1" passed="1" failed="0" skipped="0">
  <reporter-output>
  </reporter-output>
  <suite started-at="2024-10-26T13:41:27 IST" name="Failed suite [Failed suite [Suite]]" finished-at="2024-10-26T13:43:09 IST" duration-ms="102258">
    <groups>
    </groups>
    <test started-at="2024-10-26T13:41:27 IST" name="IDZlink SALES QUATATION Test(failed)(failed)" finished-at="2024-10-26T13:43:09 IST" duration-ms="102258">
      <class name="com.idzlink.testCases.salesquatation.TC_covertionofsalesquatationtopos">
        <test-method is-config="true" signature="setup()[pri:0, instance:com.idzlink.testCases.salesquatation.TC_covertionofsalesquatationtopos@2925bf5b]" started-at="2024-10-26T13:41:27 IST" name="setup" finished-at="2024-10-26T13:41:30 IST" duration-ms="3368" status="PASS">
          <reporter-output>
          </reporter-output>
        </test-method> <!-- setup -->
        <test-method signature="covertionofsalesquatationtopos()[pri:0, instance:com.idzlink.testCases.salesquatation.TC_covertionofsalesquatationtopos@2925bf5b]" started-at="2024-10-26T13:41:30 IST" name="covertionofsalesquatationtopos" finished-at="2024-10-26T13:43:09 IST" duration-ms="98317" status="PASS">
          <reporter-output>
          </reporter-output>
        </test-method> <!-- covertionofsalesquatationtopos -->
        <test-method is-config="true" signature="tearDown()[pri:0, instance:com.idzlink.testCases.salesquatation.TC_covertionofsalesquatationtopos@2925bf5b]" started-at="2024-10-26T13:43:09 IST" name="tearDown" finished-at="2024-10-26T13:43:09 IST" duration-ms="300" status="PASS">
          <reporter-output>
          </reporter-output>
        </test-method> <!-- tearDown -->
      </class> <!-- com.idzlink.testCases.salesquatation.TC_covertionofsalesquatationtopos -->
    </test> <!-- IDZlink SALES QUATATION Test(failed)(failed) -->
  </suite> <!-- Failed suite [Failed suite [Suite]] -->
</testng-results>
